This file contains any messages produced by compilers while
running configure, to aid debugging if configure makes a mistake.

It was created by STK configure 2.0, which was
generated by GNU Autoconf 2.67.  Invocation command line was

  $ ./configure CFLAGS=-m64 -g -O2 -fPIC CXXFLAGS=-m64 -g -O2 -fPIC CXX= g++ CC= g++ AR= ar RANLIB= ranlib AS= as --with-atlas

## --------- ##
## Platform. ##
## --------- ##

hostname = venus
uname -m = x86_64
uname -r = 2.6.38-14-generic
uname -s = Linux
uname -v = #58-Ubuntu SMP Tue Mar 27 20:04:55 UTC 2012

/usr/bin/uname -p = unknown
/bin/uname -X     = unknown

/bin/arch              = unknown
/usr/bin/arch -k       = unknown
/usr/convex/getsysinfo = unknown
/usr/bin/hostinfo      = unknown
/bin/machine           = unknown
/usr/bin/oslevel       = unknown
/bin/universe          = unknown

PATH: /usr/local/sbin
PATH: /usr/local/bin
PATH: /usr/sbin
PATH: /usr/bin
PATH: /sbin
PATH: /bin
PATH: /usr/games
PATH: /usr/local/cuda/bin
PATH: /home/troy/Projects/kaldi-trunk/src/bin
PATH: /home/troy/Projects/kaldi-trunk/src/featbin
PATH: /home/troy/Projects/kaldi-trunk/src/fgmmbin
PATH: /home/troy/Projects/kaldi-trunk/src/fstbin
PATH: /home/troy/Projects/kaldi-trunk/src/gmmbin
PATH: /home/troy/Projects/kaldi-trunk/src/latbin
PATH: /home/troy/Projects/kaldi-trunk/src/nnetbin
PATH: /home/troy/Projects/kaldi-trunk/src/sgmmbin
PATH: /home/troy/Projects/kaldi-trunk/src/tiedbin
PATH: /home/troy/Projects/kaldi-trunk/tools/openfst/bin
PATH: /home/troy/Projects/kaldi-trunk/tools/irstlm/bin


## ----------- ##
## Core tests. ##
## ----------- ##

configure:2374: checking for a BSD-compatible install
configure:2442: result: /usr/bin/install -c
configure:2453: checking whether build environment is sane
configure:2503: result: yes
configure:2644: checking for a thread-safe mkdir -p
configure:2683: result: /bin/mkdir -p
configure:2696: checking for gawk
configure:2726: result: no
configure:2696: checking for mawk
configure:2712: found /usr/bin/mawk
configure:2723: result: mawk
configure:2734: checking whether make sets $(MAKE)
configure:2756: result: yes
configure:2907: checking for ranlib
configure:2934: result:  ranlib
configure:2960: checking for gawk
configure:2987: result: mawk
configure:3110: checking for C++ compiler version
configure:3119:  g++ --version >&5
g++ (Ubuntu/Linaro 4.5.2-8ubuntu4) 4.5.2
Copyright (C) 2010 Free Software Foundation, Inc.
This is free software; see the source for copying conditions.  There is NO
warranty; not even for MERCHANTABILITY or FITNESS FOR A PARTICULAR PURPOSE.

configure:3130: $? = 0
configure:3119:  g++ -v >&5
Using built-in specs.
COLLECT_GCC=g++
COLLECT_LTO_WRAPPER=/usr/lib/x86_64-linux-gnu/gcc/x86_64-linux-gnu/4.5.2/lto-wrapper
Target: x86_64-linux-gnu
Configured with: ../src/configure -v --with-pkgversion='Ubuntu/Linaro 4.5.2-8ubuntu4' --with-bugurl=file:///usr/share/doc/gcc-4.5/README.Bugs --enable-languages=c,c++,fortran,objc,obj-c++ --prefix=/usr --program-suffix=-4.5 --enable-shared --enable-multiarch --with-multiarch-defaults=x86_64-linux-gnu --enable-linker-build-id --with-system-zlib --libexecdir=/usr/lib/x86_64-linux-gnu --without-included-gettext --enable-threads=posix --with-gxx-include-dir=/usr/include/c++/4.5 --libdir=/usr/lib/x86_64-linux-gnu --enable-nls --with-sysroot=/ --enable-clocale=gnu --enable-libstdcxx-debug --enable-libstdcxx-time=yes --enable-plugin --enable-gold --enable-ld=default --with-plugin-ld=ld.gold --enable-objc-gc --disable-werror --with-arch-32=i686 --with-tune=generic --enable-checking=release --build=x86_64-linux-gnu --host=x86_64-linux-gnu --target=x86_64-linux-gnu
Thread model: posix
gcc version 4.5.2 (Ubuntu/Linaro 4.5.2-8ubuntu4) 
configure:3130: $? = 0
configure:3119:  g++ -V >&5
g++: '-V' option must have argument
configure:3130: $? = 1
configure:3119:  g++ -qversion >&5
g++: unrecognized option '-qversion'
g++: no input files
configure:3130: $? = 1
configure:3150: checking whether the C++ compiler works
configure:3172:  g++ -m64 -g -O2 -fPIC   conftest.cpp  >&5
configure:3176: $? = 0
configure:3224: result: yes
configure:3227: checking for C++ compiler default output file name
configure:3229: result: a.out
configure:3235: checking for suffix of executables
configure:3242:  g++ -o conftest -m64 -g -O2 -fPIC   conftest.cpp  >&5
configure:3246: $? = 0
configure:3268: result: 
configure:3290: checking whether we are cross compiling
configure:3298:  g++ -o conftest -m64 -g -O2 -fPIC   conftest.cpp  >&5
configure:3302: $? = 0
configure:3309: ./conftest
configure:3313: $? = 0
configure:3328: result: no
configure:3333: checking for suffix of object files
configure:3355:  g++ -c -m64 -g -O2 -fPIC  conftest.cpp >&5
configure:3359: $? = 0
configure:3380: result: o
configure:3384: checking whether we are using the GNU C++ compiler
configure:3403:  g++ -c -m64 -g -O2 -fPIC  conftest.cpp >&5
configure:3403: $? = 0
configure:3412: result: yes
configure:3421: checking whether  g++ accepts -g
configure:3441:  g++ -c -g  conftest.cpp >&5
configure:3441: $? = 0
configure:3482: result: yes
configure:3516: checking for style of include used by make
configure:3544: result: GNU
configure:3569: checking dependency style of  g++
configure:3679: result: gcc3
configure:3742: checking for gcc
configure:3769: result:  g++
configure:3998: checking for C compiler version
configure:4007:  g++ --version >&5
g++ (Ubuntu/Linaro 4.5.2-8ubuntu4) 4.5.2
Copyright (C) 2010 Free Software Foundation, Inc.
This is free software; see the source for copying conditions.  There is NO
warranty; not even for MERCHANTABILITY or FITNESS FOR A PARTICULAR PURPOSE.

configure:4018: $? = 0
configure:4007:  g++ -v >&5
Using built-in specs.
COLLECT_GCC=g++
COLLECT_LTO_WRAPPER=/usr/lib/x86_64-linux-gnu/gcc/x86_64-linux-gnu/4.5.2/lto-wrapper
Target: x86_64-linux-gnu
Configured with: ../src/configure -v --with-pkgversion='Ubuntu/Linaro 4.5.2-8ubuntu4' --with-bugurl=file:///usr/share/doc/gcc-4.5/README.Bugs --enable-languages=c,c++,fortran,objc,obj-c++ --prefix=/usr --program-suffix=-4.5 --enable-shared --enable-multiarch --with-multiarch-defaults=x86_64-linux-gnu --enable-linker-build-id --with-system-zlib --libexecdir=/usr/lib/x86_64-linux-gnu --without-included-gettext --enable-threads=posix --with-gxx-include-dir=/usr/include/c++/4.5 --libdir=/usr/lib/x86_64-linux-gnu --enable-nls --with-sysroot=/ --enable-clocale=gnu --enable-libstdcxx-debug --enable-libstdcxx-time=yes --enable-plugin --enable-gold --enable-ld=default --with-plugin-ld=ld.gold --enable-objc-gc --disable-werror --with-arch-32=i686 --with-tune=generic --enable-checking=release --build=x86_64-linux-gnu --host=x86_64-linux-gnu --target=x86_64-linux-gnu
Thread model: posix
gcc version 4.5.2 (Ubuntu/Linaro 4.5.2-8ubuntu4) 
configure:4018: $? = 0
configure:4007:  g++ -V >&5
g++: '-V' option must have argument
configure:4018: $? = 1
configure:4007:  g++ -qversion >&5
g++: unrecognized option '-qversion'
g++: no input files
configure:4018: $? = 1
configure:4022: checking whether we are using the GNU C compiler
configure:4041:  g++ -c -m64 -g -O2 -fPIC  conftest.c >&5
configure:4041: $? = 0
configure:4050: result: yes
configure:4059: checking whether  g++ accepts -g
configure:4079:  g++ -c -g  conftest.c >&5
configure:4079: $? = 0
configure:4120: result: yes
configure:4137: checking for  g++ option to accept ISO C89
configure:4201:  g++  -c -m64 -g -O2 -fPIC  conftest.c >&5
conftest.c:22:17: error: 'p' was not declared in this scope
conftest.c:22:20: error: 'i' was not declared in this scope
conftest.c:22:21: error: initializer expression list treated as compound expression
conftest.c:23:6: error: expected ',' or ';' before 'char'
conftest.c:25:1: error: expected unqualified-id before '{' token
conftest.c: In function 'int main()':
conftest.c:61:21: error: cannot convert 'char*' to 'char* (*)(char**, int)' for argument '1' to 'char* f(char* (*)(char**, int), char**, ...)'
conftest.c:61:52: error: cannot convert 'char*' to 'char* (*)(char**, int)' for argument '1' to 'char* f(char* (*)(char**, int), char**, ...)'
configure:4201: $? = 1
configure: failed program was:
| /* confdefs.h */
| #define PACKAGE_NAME "STK"
| #define PACKAGE_TARNAME "stk"
| #define PACKAGE_VERSION "2.0"
| #define PACKAGE_STRING "STK 2.0"
| #define PACKAGE_BUGREPORT "ondrej.glembek@fit.vutbr.cz"
| #define PACKAGE_URL ""
| #define PACKAGE "stk"
| #define VERSION "2.0"
| #define _REENTRANT /**/
| #define _XOPEN_SOURCE 600
| #define _LARGE_FILE_SOURCE /**/
| #define _FILE_OFFSET_BITS 64
| /* end confdefs.h.  */
| #include <stdarg.h>
| #include <stdio.h>
| #include <sys/types.h>
| #include <sys/stat.h>
| /* Most of the following tests are stolen from RCS 5.7's src/conf.sh.  */
| struct buf { int x; };
| FILE * (*rcsopen) (struct buf *, struct stat *, int);
| static char *e (p, i)
|      char **p;
|      int i;
| {
|   return p[i];
| }
| static char *f (char * (*g) (char **, int), char **p, ...)
| {
|   char *s;
|   va_list v;
|   va_start (v,p);
|   s = g (p, va_arg (v,int));
|   va_end (v);
|   return s;
| }
| 
| /* OSF 4.0 Compaq cc is some sort of almost-ANSI by default.  It has
|    function prototypes and stuff, but not '\xHH' hex character constants.
|    These don't provoke an error unfortunately, instead are silently treated
|    as 'x'.  The following induces an error, until -std is added to get
|    proper ANSI mode.  Curiously '\x00'!='x' always comes out true, for an
|    array size at least.  It's necessary to write '\x00'==0 to get something
|    that's true only with -std.  */
| int osf4_cc_array ['\x00' == 0 ? 1 : -1];
| 
| /* IBM C 6 for AIX is almost-ANSI by default, but it replaces macro parameters
|    inside strings and character constants.  */
| #define FOO(x) 'x'
| int xlc6_cc_array[FOO(a) == 'x' ? 1 : -1];
| 
| int test (int i, double x);
| struct s1 {int (*f) (int a);};
| struct s2 {int (*f) (double a);};
| int pairnames (int, char **, FILE *(*)(struct buf *, struct stat *, int), int, int);
| int argc;
| char **argv;
| int
| main ()
| {
| return f (e, argv, 0) != argv[0]  ||  f (e, argv, 1) != argv[1];
|   ;
|   return 0;
| }
configure:4201:  g++ -qlanglvl=extc89 -c -m64 -g -O2 -fPIC  conftest.c >&5
g++: unrecognized option '-qlanglvl=extc89'
conftest.c:22:17: error: 'p' was not declared in this scope
conftest.c:22:20: error: 'i' was not declared in this scope
conftest.c:22:21: error: initializer expression list treated as compound expression
conftest.c:23:6: error: expected ',' or ';' before 'char'
conftest.c:25:1: error: expected unqualified-id before '{' token
conftest.c: In function 'int main()':
conftest.c:61:21: error: cannot convert 'char*' to 'char* (*)(char**, int)' for argument '1' to 'char* f(char* (*)(char**, int), char**, ...)'
conftest.c:61:52: error: cannot convert 'char*' to 'char* (*)(char**, int)' for argument '1' to 'char* f(char* (*)(char**, int), char**, ...)'
configure:4201: $? = 1
configure: failed program was:
| /* confdefs.h */
| #define PACKAGE_NAME "STK"
| #define PACKAGE_TARNAME "stk"
| #define PACKAGE_VERSION "2.0"
| #define PACKAGE_STRING "STK 2.0"
| #define PACKAGE_BUGREPORT "ondrej.glembek@fit.vutbr.cz"
| #define PACKAGE_URL ""
| #define PACKAGE "stk"
| #define VERSION "2.0"
| #define _REENTRANT /**/
| #define _XOPEN_SOURCE 600
| #define _LARGE_FILE_SOURCE /**/
| #define _FILE_OFFSET_BITS 64
| /* end confdefs.h.  */
| #include <stdarg.h>
| #include <stdio.h>
| #include <sys/types.h>
| #include <sys/stat.h>
| /* Most of the following tests are stolen from RCS 5.7's src/conf.sh.  */
| struct buf { int x; };
| FILE * (*rcsopen) (struct buf *, struct stat *, int);
| static char *e (p, i)
|      char **p;
|      int i;
| {
|   return p[i];
| }
| static char *f (char * (*g) (char **, int), char **p, ...)
| {
|   char *s;
|   va_list v;
|   va_start (v,p);
|   s = g (p, va_arg (v,int));
|   va_end (v);
|   return s;
| }
| 
| /* OSF 4.0 Compaq cc is some sort of almost-ANSI by default.  It has
|    function prototypes and stuff, but not '\xHH' hex character constants.
|    These don't provoke an error unfortunately, instead are silently treated
|    as 'x'.  The following induces an error, until -std is added to get
|    proper ANSI mode.  Curiously '\x00'!='x' always comes out true, for an
|    array size at least.  It's necessary to write '\x00'==0 to get something
|    that's true only with -std.  */
| int osf4_cc_array ['\x00' == 0 ? 1 : -1];
| 
| /* IBM C 6 for AIX is almost-ANSI by default, but it replaces macro parameters
|    inside strings and character constants.  */
| #define FOO(x) 'x'
| int xlc6_cc_array[FOO(a) == 'x' ? 1 : -1];
| 
| int test (int i, double x);
| struct s1 {int (*f) (int a);};
| struct s2 {int (*f) (double a);};
| int pairnames (int, char **, FILE *(*)(struct buf *, struct stat *, int), int, int);
| int argc;
| char **argv;
| int
| main ()
| {
| return f (e, argv, 0) != argv[0]  ||  f (e, argv, 1) != argv[1];
|   ;
|   return 0;
| }
configure:4201:  g++ -qlanglvl=ansi -c -m64 -g -O2 -fPIC  conftest.c >&5
g++: unrecognized option '-qlanglvl=ansi'
conftest.c:22:17: error: 'p' was not declared in this scope
conftest.c:22:20: error: 'i' was not declared in this scope
conftest.c:22:21: error: initializer expression list treated as compound expression
conftest.c:23:6: error: expected ',' or ';' before 'char'
conftest.c:25:1: error: expected unqualified-id before '{' token
conftest.c: In function 'int main()':
conftest.c:61:21: error: cannot convert 'char*' to 'char* (*)(char**, int)' for argument '1' to 'char* f(char* (*)(char**, int), char**, ...)'
conftest.c:61:52: error: cannot convert 'char*' to 'char* (*)(char**, int)' for argument '1' to 'char* f(char* (*)(char**, int), char**, ...)'
configure:4201: $? = 1
configure: failed program was:
| /* confdefs.h */
| #define PACKAGE_NAME "STK"
| #define PACKAGE_TARNAME "stk"
| #define PACKAGE_VERSION "2.0"
| #define PACKAGE_STRING "STK 2.0"
| #define PACKAGE_BUGREPORT "ondrej.glembek@fit.vutbr.cz"
| #define PACKAGE_URL ""
| #define PACKAGE "stk"
| #define VERSION "2.0"
| #define _REENTRANT /**/
| #define _XOPEN_SOURCE 600
| #define _LARGE_FILE_SOURCE /**/
| #define _FILE_OFFSET_BITS 64
| /* end confdefs.h.  */
| #include <stdarg.h>
| #include <stdio.h>
| #include <sys/types.h>
| #include <sys/stat.h>
| /* Most of the following tests are stolen from RCS 5.7's src/conf.sh.  */
| struct buf { int x; };
| FILE * (*rcsopen) (struct buf *, struct stat *, int);
| static char *e (p, i)
|      char **p;
|      int i;
| {
|   return p[i];
| }
| static char *f (char * (*g) (char **, int), char **p, ...)
| {
|   char *s;
|   va_list v;
|   va_start (v,p);
|   s = g (p, va_arg (v,int));
|   va_end (v);
|   return s;
| }
| 
| /* OSF 4.0 Compaq cc is some sort of almost-ANSI by default.  It has
|    function prototypes and stuff, but not '\xHH' hex character constants.
|    These don't provoke an error unfortunately, instead are silently treated
|    as 'x'.  The following induces an error, until -std is added to get
|    proper ANSI mode.  Curiously '\x00'!='x' always comes out true, for an
|    array size at least.  It's necessary to write '\x00'==0 to get something
|    that's true only with -std.  */
| int osf4_cc_array ['\x00' == 0 ? 1 : -1];
| 
| /* IBM C 6 for AIX is almost-ANSI by default, but it replaces macro parameters
|    inside strings and character constants.  */
| #define FOO(x) 'x'
| int xlc6_cc_array[FOO(a) == 'x' ? 1 : -1];
| 
| int test (int i, double x);
| struct s1 {int (*f) (int a);};
| struct s2 {int (*f) (double a);};
| int pairnames (int, char **, FILE *(*)(struct buf *, struct stat *, int), int, int);
| int argc;
| char **argv;
| int
| main ()
| {
| return f (e, argv, 0) != argv[0]  ||  f (e, argv, 1) != argv[1];
|   ;
|   return 0;
| }
configure:4201:  g++ -std -c -m64 -g -O2 -fPIC  conftest.c >&5
cc1plus: error: unrecognized command line option "-std"
configure:4201: $? = 1
configure: failed program was:
| /* confdefs.h */
| #define PACKAGE_NAME "STK"
| #define PACKAGE_TARNAME "stk"
| #define PACKAGE_VERSION "2.0"
| #define PACKAGE_STRING "STK 2.0"
| #define PACKAGE_BUGREPORT "ondrej.glembek@fit.vutbr.cz"
| #define PACKAGE_URL ""
| #define PACKAGE "stk"
| #define VERSION "2.0"
| #define _REENTRANT /**/
| #define _XOPEN_SOURCE 600
| #define _LARGE_FILE_SOURCE /**/
| #define _FILE_OFFSET_BITS 64
| /* end confdefs.h.  */
| #include <stdarg.h>
| #include <stdio.h>
| #include <sys/types.h>
| #include <sys/stat.h>
| /* Most of the following tests are stolen from RCS 5.7's src/conf.sh.  */
| struct buf { int x; };
| FILE * (*rcsopen) (struct buf *, struct stat *, int);
| static char *e (p, i)
|      char **p;
|      int i;
| {
|   return p[i];
| }
| static char *f (char * (*g) (char **, int), char **p, ...)
| {
|   char *s;
|   va_list v;
|   va_start (v,p);
|   s = g (p, va_arg (v,int));
|   va_end (v);
|   return s;
| }
| 
| /* OSF 4.0 Compaq cc is some sort of almost-ANSI by default.  It has
|    function prototypes and stuff, but not '\xHH' hex character constants.
|    These don't provoke an error unfortunately, instead are silently treated
|    as 'x'.  The following induces an error, until -std is added to get
|    proper ANSI mode.  Curiously '\x00'!='x' always comes out true, for an
|    array size at least.  It's necessary to write '\x00'==0 to get something
|    that's true only with -std.  */
| int osf4_cc_array ['\x00' == 0 ? 1 : -1];
| 
| /* IBM C 6 for AIX is almost-ANSI by default, but it replaces macro parameters
|    inside strings and character constants.  */
| #define FOO(x) 'x'
| int xlc6_cc_array[FOO(a) == 'x' ? 1 : -1];
| 
| int test (int i, double x);
| struct s1 {int (*f) (int a);};
| struct s2 {int (*f) (double a);};
| int pairnames (int, char **, FILE *(*)(struct buf *, struct stat *, int), int, int);
| int argc;
| char **argv;
| int
| main ()
| {
| return f (e, argv, 0) != argv[0]  ||  f (e, argv, 1) != argv[1];
|   ;
|   return 0;
| }
configure:4201:  g++ -Ae -c -m64 -g -O2 -fPIC  conftest.c >&5
<command-line>:0:1: error: missing '(' after predicate
conftest.c:22:17: error: 'p' was not declared in this scope
conftest.c:22:20: error: 'i' was not declared in this scope
conftest.c:22:21: error: initializer expression list treated as compound expression
conftest.c:23:6: error: expected ',' or ';' before 'char'
conftest.c:25:1: error: expected unqualified-id before '{' token
conftest.c: In function 'int main()':
conftest.c:61:21: error: cannot convert 'char*' to 'char* (*)(char**, int)' for argument '1' to 'char* f(char* (*)(char**, int), char**, ...)'
conftest.c:61:52: error: cannot convert 'char*' to 'char* (*)(char**, int)' for argument '1' to 'char* f(char* (*)(char**, int), char**, ...)'
configure:4201: $? = 1
configure: failed program was:
| /* confdefs.h */
| #define PACKAGE_NAME "STK"
| #define PACKAGE_TARNAME "stk"
| #define PACKAGE_VERSION "2.0"
| #define PACKAGE_STRING "STK 2.0"
| #define PACKAGE_BUGREPORT "ondrej.glembek@fit.vutbr.cz"
| #define PACKAGE_URL ""
| #define PACKAGE "stk"
| #define VERSION "2.0"
| #define _REENTRANT /**/
| #define _XOPEN_SOURCE 600
| #define _LARGE_FILE_SOURCE /**/
| #define _FILE_OFFSET_BITS 64
| /* end confdefs.h.  */
| #include <stdarg.h>
| #include <stdio.h>
| #include <sys/types.h>
| #include <sys/stat.h>
| /* Most of the following tests are stolen from RCS 5.7's src/conf.sh.  */
| struct buf { int x; };
| FILE * (*rcsopen) (struct buf *, struct stat *, int);
| static char *e (p, i)
|      char **p;
|      int i;
| {
|   return p[i];
| }
| static char *f (char * (*g) (char **, int), char **p, ...)
| {
|   char *s;
|   va_list v;
|   va_start (v,p);
|   s = g (p, va_arg (v,int));
|   va_end (v);
|   return s;
| }
| 
| /* OSF 4.0 Compaq cc is some sort of almost-ANSI by default.  It has
|    function prototypes and stuff, but not '\xHH' hex character constants.
|    These don't provoke an error unfortunately, instead are silently treated
|    as 'x'.  The following induces an error, until -std is added to get
|    proper ANSI mode.  Curiously '\x00'!='x' always comes out true, for an
|    array size at least.  It's necessary to write '\x00'==0 to get something
|    that's true only with -std.  */
| int osf4_cc_array ['\x00' == 0 ? 1 : -1];
| 
| /* IBM C 6 for AIX is almost-ANSI by default, but it replaces macro parameters
|    inside strings and character constants.  */
| #define FOO(x) 'x'
| int xlc6_cc_array[FOO(a) == 'x' ? 1 : -1];
| 
| int test (int i, double x);
| struct s1 {int (*f) (int a);};
| struct s2 {int (*f) (double a);};
| int pairnames (int, char **, FILE *(*)(struct buf *, struct stat *, int), int, int);
| int argc;
| char **argv;
| int
| main ()
| {
| return f (e, argv, 0) != argv[0]  ||  f (e, argv, 1) != argv[1];
|   ;
|   return 0;
| }
configure:4201:  g++ -Aa -D_HPUX_SOURCE -c -m64 -g -O2 -fPIC  conftest.c >&5
<command-line>:0:1: error: missing '(' after predicate
conftest.c:22:17: error: 'p' was not declared in this scope
conftest.c:22:20: error: 'i' was not declared in this scope
conftest.c:22:21: error: initializer expression list treated as compound expression
conftest.c:23:6: error: expected ',' or ';' before 'char'
conftest.c:25:1: error: expected unqualified-id before '{' token
conftest.c: In function 'int main()':
conftest.c:61:21: error: cannot convert 'char*' to 'char* (*)(char**, int)' for argument '1' to 'char* f(char* (*)(char**, int), char**, ...)'
conftest.c:61:52: error: cannot convert 'char*' to 'char* (*)(char**, int)' for argument '1' to 'char* f(char* (*)(char**, int), char**, ...)'
configure:4201: $? = 1
configure: failed program was:
| /* confdefs.h */
| #define PACKAGE_NAME "STK"
| #define PACKAGE_TARNAME "stk"
| #define PACKAGE_VERSION "2.0"
| #define PACKAGE_STRING "STK 2.0"
| #define PACKAGE_BUGREPORT "ondrej.glembek@fit.vutbr.cz"
| #define PACKAGE_URL ""
| #define PACKAGE "stk"
| #define VERSION "2.0"
| #define _REENTRANT /**/
| #define _XOPEN_SOURCE 600
| #define _LARGE_FILE_SOURCE /**/
| #define _FILE_OFFSET_BITS 64
| /* end confdefs.h.  */
| #include <stdarg.h>
| #include <stdio.h>
| #include <sys/types.h>
| #include <sys/stat.h>
| /* Most of the following tests are stolen from RCS 5.7's src/conf.sh.  */
| struct buf { int x; };
| FILE * (*rcsopen) (struct buf *, struct stat *, int);
| static char *e (p, i)
|      char **p;
|      int i;
| {
|   return p[i];
| }
| static char *f (char * (*g) (char **, int), char **p, ...)
| {
|   char *s;
|   va_list v;
|   va_start (v,p);
|   s = g (p, va_arg (v,int));
|   va_end (v);
|   return s;
| }
| 
| /* OSF 4.0 Compaq cc is some sort of almost-ANSI by default.  It has
|    function prototypes and stuff, but not '\xHH' hex character constants.
|    These don't provoke an error unfortunately, instead are silently treated
|    as 'x'.  The following induces an error, until -std is added to get
|    proper ANSI mode.  Curiously '\x00'!='x' always comes out true, for an
|    array size at least.  It's necessary to write '\x00'==0 to get something
|    that's true only with -std.  */
| int osf4_cc_array ['\x00' == 0 ? 1 : -1];
| 
| /* IBM C 6 for AIX is almost-ANSI by default, but it replaces macro parameters
|    inside strings and character constants.  */
| #define FOO(x) 'x'
| int xlc6_cc_array[FOO(a) == 'x' ? 1 : -1];
| 
| int test (int i, double x);
| struct s1 {int (*f) (int a);};
| struct s2 {int (*f) (double a);};
| int pairnames (int, char **, FILE *(*)(struct buf *, struct stat *, int), int, int);
| int argc;
| char **argv;
| int
| main ()
| {
| return f (e, argv, 0) != argv[0]  ||  f (e, argv, 1) != argv[1];
|   ;
|   return 0;
| }
configure:4201:  g++ -Xc -D__EXTENSIONS__ -c -m64 -g -O2 -fPIC  conftest.c >&5
g++: unrecognized option '-Xc'
conftest.c:22:17: error: 'p' was not declared in this scope
conftest.c:22:20: error: 'i' was not declared in this scope
conftest.c:22:21: error: initializer expression list treated as compound expression
conftest.c:23:6: error: expected ',' or ';' before 'char'
conftest.c:25:1: error: expected unqualified-id before '{' token
conftest.c: In function 'int main()':
conftest.c:61:21: error: cannot convert 'char*' to 'char* (*)(char**, int)' for argument '1' to 'char* f(char* (*)(char**, int), char**, ...)'
conftest.c:61:52: error: cannot convert 'char*' to 'char* (*)(char**, int)' for argument '1' to 'char* f(char* (*)(char**, int), char**, ...)'
configure:4201: $? = 1
configure: failed program was:
| /* confdefs.h */
| #define PACKAGE_NAME "STK"
| #define PACKAGE_TARNAME "stk"
| #define PACKAGE_VERSION "2.0"
| #define PACKAGE_STRING "STK 2.0"
| #define PACKAGE_BUGREPORT "ondrej.glembek@fit.vutbr.cz"
| #define PACKAGE_URL ""
| #define PACKAGE "stk"
| #define VERSION "2.0"
| #define _REENTRANT /**/
| #define _XOPEN_SOURCE 600
| #define _LARGE_FILE_SOURCE /**/
| #define _FILE_OFFSET_BITS 64
| /* end confdefs.h.  */
| #include <stdarg.h>
| #include <stdio.h>
| #include <sys/types.h>
| #include <sys/stat.h>
| /* Most of the following tests are stolen from RCS 5.7's src/conf.sh.  */
| struct buf { int x; };
| FILE * (*rcsopen) (struct buf *, struct stat *, int);
| static char *e (p, i)
|      char **p;
|      int i;
| {
|   return p[i];
| }
| static char *f (char * (*g) (char **, int), char **p, ...)
| {
|   char *s;
|   va_list v;
|   va_start (v,p);
|   s = g (p, va_arg (v,int));
|   va_end (v);
|   return s;
| }
| 
| /* OSF 4.0 Compaq cc is some sort of almost-ANSI by default.  It has
|    function prototypes and stuff, but not '\xHH' hex character constants.
|    These don't provoke an error unfortunately, instead are silently treated
|    as 'x'.  The following induces an error, until -std is added to get
|    proper ANSI mode.  Curiously '\x00'!='x' always comes out true, for an
|    array size at least.  It's necessary to write '\x00'==0 to get something
|    that's true only with -std.  */
| int osf4_cc_array ['\x00' == 0 ? 1 : -1];
| 
| /* IBM C 6 for AIX is almost-ANSI by default, but it replaces macro parameters
|    inside strings and character constants.  */
| #define FOO(x) 'x'
| int xlc6_cc_array[FOO(a) == 'x' ? 1 : -1];
| 
| int test (int i, double x);
| struct s1 {int (*f) (int a);};
| struct s2 {int (*f) (double a);};
| int pairnames (int, char **, FILE *(*)(struct buf *, struct stat *, int), int, int);
| int argc;
| char **argv;
| int
| main ()
| {
| return f (e, argv, 0) != argv[0]  ||  f (e, argv, 1) != argv[1];
|   ;
|   return 0;
| }
configure:4217: result: unsupported
configure:4236: checking dependency style of  g++
configure:4346: result: gcc3
configure:4394: checking for boostlib >= 1.33.1
configure:4444:  g++ -c -m64 -g -O2 -fPIC  -I/usr/include conftest.cpp >&5
configure:4444: $? = 0
configure:4446: result: yes
configure:4608: checking whether the Boost::Program_Options library is available
configure:4632:  g++ -c -m64 -g -O2 -fPIC  -I/usr/include conftest.cpp >&5
configure:4632: $? = 0
configure:4646: result: yes
configure:4658: checking for main in -lboost_program_options
configure:4677:  g++ -o conftest -m64 -g -O2 -fPIC  -I/usr/include  -L/usr/lib conftest.cpp -lboost_program_options   >&5
configure:4677: $? = 0
configure:4687: result: yes
configure:4753: checking how to run the C++ preprocessor
configure:4780:  g++ -E  conftest.cpp
configure:4780: $? = 0
configure:4794:  g++ -E  conftest.cpp
conftest.cpp:17:28: fatal error: ac_nonexistent.h: No such file or directory
compilation terminated.
configure:4794: $? = 1
configure: failed program was:
| /* confdefs.h */
| #define PACKAGE_NAME "STK"
| #define PACKAGE_TARNAME "stk"
| #define PACKAGE_VERSION "2.0"
| #define PACKAGE_STRING "STK 2.0"
| #define PACKAGE_BUGREPORT "ondrej.glembek@fit.vutbr.cz"
| #define PACKAGE_URL ""
| #define PACKAGE "stk"
| #define VERSION "2.0"
| #define _REENTRANT /**/
| #define _XOPEN_SOURCE 600
| #define _LARGE_FILE_SOURCE /**/
| #define _FILE_OFFSET_BITS 64
| #define HAVE_BOOST /**/
| #define HAVE_BOOST_PROGRAM_OPTIONS /**/
| /* end confdefs.h.  */
| #include <ac_nonexistent.h>
configure:4819: result:  g++ -E
configure:4839:  g++ -E  conftest.cpp
configure:4839: $? = 0
configure:4853:  g++ -E  conftest.cpp
conftest.cpp:17:28: fatal error: ac_nonexistent.h: No such file or directory
compilation terminated.
configure:4853: $? = 1
configure: failed program was:
| /* confdefs.h */
| #define PACKAGE_NAME "STK"
| #define PACKAGE_TARNAME "stk"
| #define PACKAGE_VERSION "2.0"
| #define PACKAGE_STRING "STK 2.0"
| #define PACKAGE_BUGREPORT "ondrej.glembek@fit.vutbr.cz"
| #define PACKAGE_URL ""
| #define PACKAGE "stk"
| #define VERSION "2.0"
| #define _REENTRANT /**/
| #define _XOPEN_SOURCE 600
| #define _LARGE_FILE_SOURCE /**/
| #define _FILE_OFFSET_BITS 64
| #define HAVE_BOOST /**/
| #define HAVE_BOOST_PROGRAM_OPTIONS /**/
| /* end confdefs.h.  */
| #include <ac_nonexistent.h>
configure:4882: checking for grep that handles long lines and -e
configure:4940: result: /bin/grep
configure:4945: checking for egrep
configure:5007: result: /bin/grep -E
configure:5012: checking for ANSI C header files
configure:5032:  g++ -c -m64 -g -O2 -fPIC  conftest.cpp >&5
configure:5032: $? = 0
configure:5105:  g++ -o conftest -m64 -g -O2 -fPIC   conftest.cpp  >&5
configure:5105: $? = 0
configure:5105: ./conftest
configure:5105: $? = 0
configure:5116: result: yes
configure:5129: checking for sys/types.h
configure:5129:  g++ -c -m64 -g -O2 -fPIC  conftest.cpp >&5
configure:5129: $? = 0
configure:5129: result: yes
configure:5129: checking for sys/stat.h
configure:5129:  g++ -c -m64 -g -O2 -fPIC  conftest.cpp >&5
configure:5129: $? = 0
configure:5129: result: yes
configure:5129: checking for stdlib.h
configure:5129:  g++ -c -m64 -g -O2 -fPIC  conftest.cpp >&5
configure:5129: $? = 0
configure:5129: result: yes
configure:5129: checking for string.h
configure:5129:  g++ -c -m64 -g -O2 -fPIC  conftest.cpp >&5
configure:5129: $? = 0
configure:5129: result: yes
configure:5129: checking for memory.h
configure:5129:  g++ -c -m64 -g -O2 -fPIC  conftest.cpp >&5
configure:5129: $? = 0
configure:5129: result: yes
configure:5129: checking for strings.h
configure:5129:  g++ -c -m64 -g -O2 -fPIC  conftest.cpp >&5
configure:5129: $? = 0
configure:5129: result: yes
configure:5129: checking for inttypes.h
configure:5129:  g++ -c -m64 -g -O2 -fPIC  conftest.cpp >&5
configure:5129: $? = 0
configure:5129: result: yes
configure:5129: checking for stdint.h
configure:5129:  g++ -c -m64 -g -O2 -fPIC  conftest.cpp >&5
configure:5129: $? = 0
configure:5129: result: yes
configure:5129: checking for unistd.h
configure:5129:  g++ -c -m64 -g -O2 -fPIC  conftest.cpp >&5
configure:5129: $? = 0
configure:5129: result: yes
configure:5144: checking iostream usability
configure:5144:  g++ -c -m64 -g -O2 -fPIC  conftest.cpp >&5
configure:5144: $? = 0
configure:5144: result: yes
configure:5144: checking iostream presence
configure:5144:  g++ -E  conftest.cpp
configure:5144: $? = 0
configure:5144: result: yes
configure:5144: checking for iostream
configure:5144: result: yes
configure:5144: checking arpa/inet.h usability
configure:5144:  g++ -c -m64 -g -O2 -fPIC  conftest.cpp >&5
configure:5144: $? = 0
configure:5144: result: yes
configure:5144: checking arpa/inet.h presence
configure:5144:  g++ -E  conftest.cpp
configure:5144: $? = 0
configure:5144: result: yes
configure:5144: checking for arpa/inet.h
configure:5144: result: yes
configure:5144: checking float.h usability
configure:5144:  g++ -c -m64 -g -O2 -fPIC  conftest.cpp >&5
configure:5144: $? = 0
configure:5144: result: yes
configure:5144: checking float.h presence
configure:5144:  g++ -E  conftest.cpp
configure:5144: $? = 0
configure:5144: result: yes
configure:5144: checking for float.h
configure:5144: result: yes
configure:5144: checking limits.h usability
configure:5144:  g++ -c -m64 -g -O2 -fPIC  conftest.cpp >&5
configure:5144: $? = 0
configure:5144: result: yes
configure:5144: checking limits.h presence
configure:5144:  g++ -E  conftest.cpp
configure:5144: $? = 0
configure:5144: result: yes
configure:5144: checking for limits.h
configure:5144: result: yes
configure:5144: checking malloc.h usability
configure:5144:  g++ -c -m64 -g -O2 -fPIC  conftest.cpp >&5
configure:5144: $? = 0
configure:5144: result: yes
configure:5144: checking malloc.h presence
configure:5144:  g++ -E  conftest.cpp
configure:5144: $? = 0
configure:5144: result: yes
configure:5144: checking for malloc.h
configure:5144: result: yes
configure:5144: checking netdb.h usability
configure:5144:  g++ -c -m64 -g -O2 -fPIC  conftest.cpp >&5
configure:5144: $? = 0
configure:5144: result: yes
configure:5144: checking netdb.h presence
configure:5144:  g++ -E  conftest.cpp
configure:5144: $? = 0
configure:5144: result: yes
configure:5144: checking for netdb.h
configure:5144: result: yes
configure:5144: checking netinet/in.h usability
configure:5144:  g++ -c -m64 -g -O2 -fPIC  conftest.cpp >&5
configure:5144: $? = 0
configure:5144: result: yes
configure:5144: checking netinet/in.h presence
configure:5144:  g++ -E  conftest.cpp
configure:5144: $? = 0
configure:5144: result: yes
configure:5144: checking for netinet/in.h
configure:5144: result: yes
configure:5144: checking stddef.h usability
configure:5144:  g++ -c -m64 -g -O2 -fPIC  conftest.cpp >&5
configure:5144: $? = 0
configure:5144: result: yes
configure:5144: checking stddef.h presence
configure:5144:  g++ -E  conftest.cpp
configure:5144: $? = 0
configure:5144: result: yes
configure:5144: checking for stddef.h
configure:5144: result: yes
configure:5144: checking for stdlib.h
configure:5144: result: yes
configure:5144: checking for string.h
configure:5144: result: yes
configure:5144: checking sys/socket.h usability
configure:5144:  g++ -c -m64 -g -O2 -fPIC  conftest.cpp >&5
configure:5144: $? = 0
configure:5144: result: yes
configure:5144: checking sys/socket.h presence
configure:5144:  g++ -E  conftest.cpp
configure:5144: $? = 0
configure:5144: result: yes
configure:5144: checking for sys/socket.h
configure:5144: result: yes
configure:5144: checking sys/time.h usability
configure:5144:  g++ -c -m64 -g -O2 -fPIC  conftest.cpp >&5
configure:5144: $? = 0
configure:5144: result: yes
configure:5144: checking sys/time.h presence
configure:5144:  g++ -E  conftest.cpp
configure:5144: $? = 0
configure:5144: result: yes
configure:5144: checking for sys/time.h
configure:5144: result: yes
configure:5157: checking search.h usability
configure:5157:  g++ -c -m64 -g -O2 -fPIC  conftest.cpp >&5
configure:5157: $? = 0
configure:5157: result: yes
configure:5157: checking search.h presence
configure:5157:  g++ -E  conftest.cpp
configure:5157: $? = 0
configure:5157: result: yes
configure:5157: checking for search.h
configure:5157: result: yes
configure:5172: checking for unistd.h
configure:5172: result: yes
configure:5203: checking for stdbool.h that conforms to C99
configure:5288:  g++ -c -m64 -g -O2 -fPIC  conftest.cpp >&5
configure:5288: $? = 0
configure:5295: result: yes
configure:5297: checking for _Bool
configure:5297:  g++ -c -m64 -g -O2 -fPIC  conftest.cpp >&5
conftest.cpp: In function 'int main()':
conftest.cpp:77:13: error: '_Bool' was not declared in this scope
configure:5297: $? = 1
configure: failed program was:
| /* confdefs.h */
| #define PACKAGE_NAME "STK"
| #define PACKAGE_TARNAME "stk"
| #define PACKAGE_VERSION "2.0"
| #define PACKAGE_STRING "STK 2.0"
| #define PACKAGE_BUGREPORT "ondrej.glembek@fit.vutbr.cz"
| #define PACKAGE_URL ""
| #define PACKAGE "stk"
| #define VERSION "2.0"
| #define _REENTRANT /**/
| #define _XOPEN_SOURCE 600
| #define _LARGE_FILE_SOURCE /**/
| #define _FILE_OFFSET_BITS 64
| #define HAVE_BOOST /**/
| #define HAVE_BOOST_PROGRAM_OPTIONS /**/
| #define STDC_HEADERS 1
| #define HAVE_SYS_TYPES_H 1
| #define HAVE_SYS_STAT_H 1
| #define HAVE_STDLIB_H 1
| #define HAVE_STRING_H 1
| #define HAVE_MEMORY_H 1
| #define HAVE_STRINGS_H 1
| #define HAVE_INTTYPES_H 1
| #define HAVE_STDINT_H 1
| #define HAVE_UNISTD_H 1
| #define HAVE_IOSTREAM 1
| #define HAVE_ARPA_INET_H 1
| #define HAVE_FLOAT_H 1
| #define HAVE_LIMITS_H 1
| #define HAVE_MALLOC_H 1
| #define HAVE_NETDB_H 1
| #define HAVE_NETINET_IN_H 1
| #define HAVE_STDDEF_H 1
| #define HAVE_STDLIB_H 1
| #define HAVE_STRING_H 1
| #define HAVE_SYS_SOCKET_H 1
| #define HAVE_SYS_TIME_H 1
| #define HAVE_SEARCH_H 1
| #define HAVE_UNISTD_H 1
| /* end confdefs.h.  */
| #include <stdio.h>
| #ifdef HAVE_SYS_TYPES_H
| # include <sys/types.h>
| #endif
| #ifdef HAVE_SYS_STAT_H
| # include <sys/stat.h>
| #endif
| #ifdef STDC_HEADERS
| # include <stdlib.h>
| # include <stddef.h>
| #else
| # ifdef HAVE_STDLIB_H
| #  include <stdlib.h>
| # endif
| #endif
| #ifdef HAVE_STRING_H
| # if !defined STDC_HEADERS && defined HAVE_MEMORY_H
| #  include <memory.h>
| # endif
| # include <string.h>
| #endif
| #ifdef HAVE_STRINGS_H
| # include <strings.h>
| #endif
| #ifdef HAVE_INTTYPES_H
| # include <inttypes.h>
| #endif
| #ifdef HAVE_STDINT_H
| # include <stdint.h>
| #endif
| #ifdef HAVE_UNISTD_H
| # include <unistd.h>
| #endif
| int
| main ()
| {
| if (sizeof (_Bool))
| 	 return 0;
|   ;
|   return 0;
| }
configure:5297: result: no
configure:5313: checking for an ANSI C-conforming const
configure:5378:  g++ -c -m64 -g -O2 -fPIC  conftest.cpp >&5
configure:5378: $? = 0
configure:5385: result: yes
configure:5393: checking for inline
configure:5409:  g++ -c -m64 -g -O2 -fPIC  conftest.cpp >&5
configure:5409: $? = 0
configure:5417: result: inline
configure:5435: checking for size_t
configure:5435:  g++ -c -m64 -g -O2 -fPIC  conftest.cpp >&5
configure:5435: $? = 0
configure:5435:  g++ -c -m64 -g -O2 -fPIC  conftest.cpp >&5
conftest.cpp: In function 'int main()':
conftest.cpp:78:20: error: expected primary-expression before ')' token
configure:5435: $? = 1
configure: failed program was:
| /* confdefs.h */
| #define PACKAGE_NAME "STK"
| #define PACKAGE_TARNAME "stk"
| #define PACKAGE_VERSION "2.0"
| #define PACKAGE_STRING "STK 2.0"
| #define PACKAGE_BUGREPORT "ondrej.glembek@fit.vutbr.cz"
| #define PACKAGE_URL ""
| #define PACKAGE "stk"
| #define VERSION "2.0"
| #define _REENTRANT /**/
| #define _XOPEN_SOURCE 600
| #define _LARGE_FILE_SOURCE /**/
| #define _FILE_OFFSET_BITS 64
| #define HAVE_BOOST /**/
| #define HAVE_BOOST_PROGRAM_OPTIONS /**/
| #define STDC_HEADERS 1
| #define HAVE_SYS_TYPES_H 1
| #define HAVE_SYS_STAT_H 1
| #define HAVE_STDLIB_H 1
| #define HAVE_STRING_H 1
| #define HAVE_MEMORY_H 1
| #define HAVE_STRINGS_H 1
| #define HAVE_INTTYPES_H 1
| #define HAVE_STDINT_H 1
| #define HAVE_UNISTD_H 1
| #define HAVE_IOSTREAM 1
| #define HAVE_ARPA_INET_H 1
| #define HAVE_FLOAT_H 1
| #define HAVE_LIMITS_H 1
| #define HAVE_MALLOC_H 1
| #define HAVE_NETDB_H 1
| #define HAVE_NETINET_IN_H 1
| #define HAVE_STDDEF_H 1
| #define HAVE_STDLIB_H 1
| #define HAVE_STRING_H 1
| #define HAVE_SYS_SOCKET_H 1
| #define HAVE_SYS_TIME_H 1
| #define HAVE_SEARCH_H 1
| #define HAVE_UNISTD_H 1
| #define HAVE_STDBOOL_H 1
| /* end confdefs.h.  */
| #include <stdio.h>
| #ifdef HAVE_SYS_TYPES_H
| # include <sys/types.h>
| #endif
| #ifdef HAVE_SYS_STAT_H
| # include <sys/stat.h>
| #endif
| #ifdef STDC_HEADERS
| # include <stdlib.h>
| # include <stddef.h>
| #else
| # ifdef HAVE_STDLIB_H
| #  include <stdlib.h>
| # endif
| #endif
| #ifdef HAVE_STRING_H
| # if !defined STDC_HEADERS && defined HAVE_MEMORY_H
| #  include <memory.h>
| # endif
| # include <string.h>
| #endif
| #ifdef HAVE_STRINGS_H
| # include <strings.h>
| #endif
| #ifdef HAVE_INTTYPES_H
| # include <inttypes.h>
| #endif
| #ifdef HAVE_STDINT_H
| # include <stdint.h>
| #endif
| #ifdef HAVE_UNISTD_H
| # include <unistd.h>
| #endif
| int
| main ()
| {
| if (sizeof ((size_t)))
| 	    return 0;
|   ;
|   return 0;
| }
configure:5435: result: yes
configure:5446: checking whether time.h and sys/time.h may both be included
configure:5466:  g++ -c -m64 -g -O2 -fPIC  conftest.cpp >&5
configure:5466: $? = 0
configure:5473: result: yes
configure:5481: checking whether struct tm is in sys/time.h or time.h
configure:5501:  g++ -c -m64 -g -O2 -fPIC  conftest.cpp >&5
configure:5501: $? = 0
configure:5508: result: time.h
configure:5520: checking for working strtod
configure:5561:  g++ -o conftest -m64 -g -O2 -fPIC   conftest.cpp  >&5
conftest.cpp: In function 'int main()':
conftest.cpp:85:20: warning: deprecated conversion from string constant to 'char*'
conftest.cpp:96:20: warning: deprecated conversion from string constant to 'char*'
conftest.cpp:98:27: warning: ignoring return value of 'double strtod(const char*, char**)', declared with attribute warn_unused_result
configure:5561: $? = 0
configure:5561: ./conftest
configure:5561: $? = 0
configure:5571: result: yes
configure:5636: checking for memmove
configure:5636:  g++ -o conftest -m64 -g -O2 -fPIC   conftest.cpp  >&5
configure:5636: $? = 0
configure:5636: result: yes
configure:5636: checking for memset
configure:5636:  g++ -o conftest -m64 -g -O2 -fPIC   conftest.cpp  >&5
configure:5636: $? = 0
configure:5636: result: yes
configure:5636: checking for sqrt
configure:5636:  g++ -o conftest -m64 -g -O2 -fPIC   conftest.cpp  >&5
configure:5636: $? = 0
configure:5636: result: yes
configure:5636: checking for strchr
configure:5636:  g++ -o conftest -m64 -g -O2 -fPIC   conftest.cpp  >&5
configure:5636: $? = 0
configure:5636: result: yes
configure:5636: checking for strdup
configure:5636:  g++ -o conftest -m64 -g -O2 -fPIC   conftest.cpp  >&5
configure:5636: $? = 0
configure:5636: result: yes
configure:5636: checking for strerror
configure:5636:  g++ -o conftest -m64 -g -O2 -fPIC   conftest.cpp  >&5
configure:5636: $? = 0
configure:5636: result: yes
configure:5636: checking for strrchr
configure:5636:  g++ -o conftest -m64 -g -O2 -fPIC   conftest.cpp  >&5
configure:5636: $? = 0
configure:5636: result: yes
configure:5636: checking for strspn
configure:5636:  g++ -o conftest -m64 -g -O2 -fPIC   conftest.cpp  >&5
configure:5636: $? = 0
configure:5636: result: yes
configure:5636: checking for strstr
configure:5636:  g++ -o conftest -m64 -g -O2 -fPIC   conftest.cpp  >&5
configure:5636: $? = 0
configure:5636: result: yes
configure:5636: checking for strtol
configure:5636:  g++ -o conftest -m64 -g -O2 -fPIC   conftest.cpp  >&5
configure:5636: $? = 0
configure:5636: result: yes
configure:5636: checking for strtoull
configure:5636:  g++ -o conftest -m64 -g -O2 -fPIC   conftest.cpp  >&5
configure:5636: $? = 0
configure:5636: result: yes
configure:5658: checking for gethostbyname
configure:5658:  g++ -o conftest -m64 -g -O2 -fPIC   conftest.cpp  >&5
configure:5658: $? = 0
configure:5658: result: yes
configure:5658: checking for socket
configure:5658:  g++ -o conftest -m64 -g -O2 -fPIC   conftest.cpp  >&5
configure:5658: $? = 0
configure:5658: result: yes
configure:5658: checking for gettimeofday
configure:5658:  g++ -o conftest -m64 -g -O2 -fPIC   conftest.cpp  >&5
configure:5658: $? = 0
configure:5658: result: yes
configure:5658: checking for inet_ntoa
configure:5658:  g++ -o conftest -m64 -g -O2 -fPIC   conftest.cpp  >&5
configure:5658: $? = 0
configure:5658: result: yes
configure:5686: checking for posix_memalign
configure:5686:  g++ -o conftest -m64 -g -O2 -fPIC   conftest.cpp  >&5
configure:5686: $? = 0
configure:5686: result: yes
configure:5701: checking for getopt
configure:5701:  g++ -o conftest -m64 -g -O2 -fPIC   conftest.cpp  >&5
configure:5701: $? = 0
configure:5701: result: yes
configure:5721: checking for hsearch_r
configure:5721:  g++ -o conftest -m64 -g -O2 -fPIC   conftest.cpp  >&5
configure:5721: $? = 0
configure:5721: result: yes
configure:5729: checking whether hsearch_r is declared
configure:5729:  g++ -c -m64 -g -O2 -fPIC  conftest.cpp >&5
configure:5729: $? = 0
configure:5729: result: yes
configure:5721: checking for hcreate_r
configure:5721:  g++ -o conftest -m64 -g -O2 -fPIC   conftest.cpp  >&5
configure:5721: $? = 0
configure:5721: result: yes
configure:5729: checking whether hcreate_r is declared
configure:5729:  g++ -c -m64 -g -O2 -fPIC  conftest.cpp >&5
configure:5729: $? = 0
configure:5729: result: yes
configure:5721: checking for hdestroy_r
configure:5721:  g++ -o conftest -m64 -g -O2 -fPIC   conftest.cpp  >&5
configure:5721: $? = 0
configure:5721: result: yes
configure:5729: checking whether hdestroy_r is declared
configure:5729:  g++ -c -m64 -g -O2 -fPIC  conftest.cpp >&5
configure:5729: $? = 0
configure:5729: result: yes
configure:5925: checking for library containing xerbla_
configure:5957:  g++ -o conftest -m64 -g -O2 -fPIC   conftest.cpp  >&5
/tmp/ccIgqDwe.o: In function `main':
/home/troy/Projects/TNet_troy/src/STKLib/trunk/conftest.cpp:80: undefined reference to `xerbla_'
collect2: ld returned 1 exit status
configure:5957: $? = 1
configure: failed program was:
| /* confdefs.h */
| #define PACKAGE_NAME "STK"
| #define PACKAGE_TARNAME "stk"
| #define PACKAGE_VERSION "2.0"
| #define PACKAGE_STRING "STK 2.0"
| #define PACKAGE_BUGREPORT "ondrej.glembek@fit.vutbr.cz"
| #define PACKAGE_URL ""
| #define PACKAGE "stk"
| #define VERSION "2.0"
| #define _REENTRANT /**/
| #define _XOPEN_SOURCE 600
| #define _LARGE_FILE_SOURCE /**/
| #define _FILE_OFFSET_BITS 64
| #define HAVE_BOOST /**/
| #define HAVE_BOOST_PROGRAM_OPTIONS /**/
| #define STDC_HEADERS 1
| #define HAVE_SYS_TYPES_H 1
| #define HAVE_SYS_STAT_H 1
| #define HAVE_STDLIB_H 1
| #define HAVE_STRING_H 1
| #define HAVE_MEMORY_H 1
| #define HAVE_STRINGS_H 1
| #define HAVE_INTTYPES_H 1
| #define HAVE_STDINT_H 1
| #define HAVE_UNISTD_H 1
| #define HAVE_IOSTREAM 1
| #define HAVE_ARPA_INET_H 1
| #define HAVE_FLOAT_H 1
| #define HAVE_LIMITS_H 1
| #define HAVE_MALLOC_H 1
| #define HAVE_NETDB_H 1
| #define HAVE_NETINET_IN_H 1
| #define HAVE_STDDEF_H 1
| #define HAVE_STDLIB_H 1
| #define HAVE_STRING_H 1
| #define HAVE_SYS_SOCKET_H 1
| #define HAVE_SYS_TIME_H 1
| #define HAVE_SEARCH_H 1
| #define HAVE_UNISTD_H 1
| #define HAVE_STDBOOL_H 1
| #define TIME_WITH_SYS_TIME 1
| #define HAVE_MEMMOVE 1
| #define HAVE_MEMSET 1
| #define HAVE_SQRT 1
| #define HAVE_STRCHR 1
| #define HAVE_STRDUP 1
| #define HAVE_STRERROR 1
| #define HAVE_STRRCHR 1
| #define HAVE_STRSPN 1
| #define HAVE_STRSTR 1
| #define HAVE_STRTOL 1
| #define HAVE_STRTOULL 1
| #define HAVE_GETHOSTBYNAME 1
| #define HAVE_SOCKET 1
| #define HAVE_GETTIMEOFDAY 1
| #define HAVE_INET_NTOA 1
| #define HAVE_POSIX_MEMALIGN 1
| #define HAVE_GETOPT 1
| #define HAVE_REENTRANT_SEARCH 1
| #define HAVE_HSEARCH_R 1
| #define HAVE_DECL_HSEARCH_R 1
| #define HAVE_HCREATE_R 1
| #define HAVE_DECL_HCREATE_R 1
| #define HAVE_HDESTROY_R 1
| #define HAVE_DECL_HDESTROY_R 1
| #define DOUBLEPRECISION 0
| #define ENABLE_SSE 0
| /* end confdefs.h.  */
| 
| /* Override any GCC internal prototype to avoid an error.
|    Use char because int might match the return type of a GCC
|    builtin and then its argument prototype would still apply.  */
| #ifdef __cplusplus
| extern "C"
| #endif
| char xerbla_ ();
| int
| main ()
| {
| return xerbla_ ();
|   ;
|   return 0;
| }
configure:5957:  g++ -o conftest -m64 -g -O2 -fPIC   conftest.cpp -lf77blas -latlas -llapack -lcblas -pthread
                        >&5
conftest.cpp:10:0: warning: "_REENTRANT" redefined
<command-line>:0:0: note: this is the location of the previous definition
/usr/bin/ld: cannot find -lf77blas
/usr/bin/ld: cannot find -latlas
/usr/bin/ld: cannot find -llapack
/usr/bin/ld: cannot find -lcblas
collect2: ld returned 1 exit status
configure:5957: $? = 1
configure: failed program was:
| /* confdefs.h */
| #define PACKAGE_NAME "STK"
| #define PACKAGE_TARNAME "stk"
| #define PACKAGE_VERSION "2.0"
| #define PACKAGE_STRING "STK 2.0"
| #define PACKAGE_BUGREPORT "ondrej.glembek@fit.vutbr.cz"
| #define PACKAGE_URL ""
| #define PACKAGE "stk"
| #define VERSION "2.0"
| #define _REENTRANT /**/
| #define _XOPEN_SOURCE 600
| #define _LARGE_FILE_SOURCE /**/
| #define _FILE_OFFSET_BITS 64
| #define HAVE_BOOST /**/
| #define HAVE_BOOST_PROGRAM_OPTIONS /**/
| #define STDC_HEADERS 1
| #define HAVE_SYS_TYPES_H 1
| #define HAVE_SYS_STAT_H 1
| #define HAVE_STDLIB_H 1
| #define HAVE_STRING_H 1
| #define HAVE_MEMORY_H 1
| #define HAVE_STRINGS_H 1
| #define HAVE_INTTYPES_H 1
| #define HAVE_STDINT_H 1
| #define HAVE_UNISTD_H 1
| #define HAVE_IOSTREAM 1
| #define HAVE_ARPA_INET_H 1
| #define HAVE_FLOAT_H 1
| #define HAVE_LIMITS_H 1
| #define HAVE_MALLOC_H 1
| #define HAVE_NETDB_H 1
| #define HAVE_NETINET_IN_H 1
| #define HAVE_STDDEF_H 1
| #define HAVE_STDLIB_H 1
| #define HAVE_STRING_H 1
| #define HAVE_SYS_SOCKET_H 1
| #define HAVE_SYS_TIME_H 1
| #define HAVE_SEARCH_H 1
| #define HAVE_UNISTD_H 1
| #define HAVE_STDBOOL_H 1
| #define TIME_WITH_SYS_TIME 1
| #define HAVE_MEMMOVE 1
| #define HAVE_MEMSET 1
| #define HAVE_SQRT 1
| #define HAVE_STRCHR 1
| #define HAVE_STRDUP 1
| #define HAVE_STRERROR 1
| #define HAVE_STRRCHR 1
| #define HAVE_STRSPN 1
| #define HAVE_STRSTR 1
| #define HAVE_STRTOL 1
| #define HAVE_STRTOULL 1
| #define HAVE_GETHOSTBYNAME 1
| #define HAVE_SOCKET 1
| #define HAVE_GETTIMEOFDAY 1
| #define HAVE_INET_NTOA 1
| #define HAVE_POSIX_MEMALIGN 1
| #define HAVE_GETOPT 1
| #define HAVE_REENTRANT_SEARCH 1
| #define HAVE_HSEARCH_R 1
| #define HAVE_DECL_HSEARCH_R 1
| #define HAVE_HCREATE_R 1
| #define HAVE_DECL_HCREATE_R 1
| #define HAVE_HDESTROY_R 1
| #define HAVE_DECL_HDESTROY_R 1
| #define DOUBLEPRECISION 0
| #define ENABLE_SSE 0
| /* end confdefs.h.  */
| 
| /* Override any GCC internal prototype to avoid an error.
|    Use char because int might match the return type of a GCC
|    builtin and then its argument prototype would still apply.  */
| #ifdef __cplusplus
| extern "C"
| #endif
| char xerbla_ ();
| int
| main ()
| {
| return xerbla_ ();
|   ;
|   return 0;
| }
configure:5974: result: no
configure:6084: checking for library containing cblas_sgemm
configure:6115:  g++ -o conftest -m64 -g -O2 -fPIC   conftest.cpp  >&5
/tmp/cc2eeyit.o: In function `main':
/home/troy/Projects/TNet_troy/src/STKLib/trunk/conftest.cpp:80: undefined reference to `cblas_sgemm'
collect2: ld returned 1 exit status
configure:6115: $? = 1
configure: failed program was:
| /* confdefs.h */
| #define PACKAGE_NAME "STK"
| #define PACKAGE_TARNAME "stk"
| #define PACKAGE_VERSION "2.0"
| #define PACKAGE_STRING "STK 2.0"
| #define PACKAGE_BUGREPORT "ondrej.glembek@fit.vutbr.cz"
| #define PACKAGE_URL ""
| #define PACKAGE "stk"
| #define VERSION "2.0"
| #define _REENTRANT /**/
| #define _XOPEN_SOURCE 600
| #define _LARGE_FILE_SOURCE /**/
| #define _FILE_OFFSET_BITS 64
| #define HAVE_BOOST /**/
| #define HAVE_BOOST_PROGRAM_OPTIONS /**/
| #define STDC_HEADERS 1
| #define HAVE_SYS_TYPES_H 1
| #define HAVE_SYS_STAT_H 1
| #define HAVE_STDLIB_H 1
| #define HAVE_STRING_H 1
| #define HAVE_MEMORY_H 1
| #define HAVE_STRINGS_H 1
| #define HAVE_INTTYPES_H 1
| #define HAVE_STDINT_H 1
| #define HAVE_UNISTD_H 1
| #define HAVE_IOSTREAM 1
| #define HAVE_ARPA_INET_H 1
| #define HAVE_FLOAT_H 1
| #define HAVE_LIMITS_H 1
| #define HAVE_MALLOC_H 1
| #define HAVE_NETDB_H 1
| #define HAVE_NETINET_IN_H 1
| #define HAVE_STDDEF_H 1
| #define HAVE_STDLIB_H 1
| #define HAVE_STRING_H 1
| #define HAVE_SYS_SOCKET_H 1
| #define HAVE_SYS_TIME_H 1
| #define HAVE_SEARCH_H 1
| #define HAVE_UNISTD_H 1
| #define HAVE_STDBOOL_H 1
| #define TIME_WITH_SYS_TIME 1
| #define HAVE_MEMMOVE 1
| #define HAVE_MEMSET 1
| #define HAVE_SQRT 1
| #define HAVE_STRCHR 1
| #define HAVE_STRDUP 1
| #define HAVE_STRERROR 1
| #define HAVE_STRRCHR 1
| #define HAVE_STRSPN 1
| #define HAVE_STRSTR 1
| #define HAVE_STRTOL 1
| #define HAVE_STRTOULL 1
| #define HAVE_GETHOSTBYNAME 1
| #define HAVE_SOCKET 1
| #define HAVE_GETTIMEOFDAY 1
| #define HAVE_INET_NTOA 1
| #define HAVE_POSIX_MEMALIGN 1
| #define HAVE_GETOPT 1
| #define HAVE_REENTRANT_SEARCH 1
| #define HAVE_HSEARCH_R 1
| #define HAVE_DECL_HSEARCH_R 1
| #define HAVE_HCREATE_R 1
| #define HAVE_DECL_HCREATE_R 1
| #define HAVE_HDESTROY_R 1
| #define HAVE_DECL_HDESTROY_R 1
| #define DOUBLEPRECISION 0
| #define ENABLE_SSE 0
| /* end confdefs.h.  */
| 
| /* Override any GCC internal prototype to avoid an error.
|    Use char because int might match the return type of a GCC
|    builtin and then its argument prototype would still apply.  */
| #ifdef __cplusplus
| extern "C"
| #endif
| char cblas_sgemm ();
| int
| main ()
| {
| return cblas_sgemm ();
|   ;
|   return 0;
| }
configure:6115:  g++ -o conftest -m64 -g -O2 -fPIC   conftest.cpp -lcblas -latlas -llapack -lcblas -pthread  >&5
conftest.cpp:10:0: warning: "_REENTRANT" redefined
<command-line>:0:0: note: this is the location of the previous definition
/usr/bin/ld: cannot find -lcblas
/usr/bin/ld: cannot find -latlas
/usr/bin/ld: cannot find -llapack
/usr/bin/ld: cannot find -lcblas
collect2: ld returned 1 exit status
configure:6115: $? = 1
configure: failed program was:
| /* confdefs.h */
| #define PACKAGE_NAME "STK"
| #define PACKAGE_TARNAME "stk"
| #define PACKAGE_VERSION "2.0"
| #define PACKAGE_STRING "STK 2.0"
| #define PACKAGE_BUGREPORT "ondrej.glembek@fit.vutbr.cz"
| #define PACKAGE_URL ""
| #define PACKAGE "stk"
| #define VERSION "2.0"
| #define _REENTRANT /**/
| #define _XOPEN_SOURCE 600
| #define _LARGE_FILE_SOURCE /**/
| #define _FILE_OFFSET_BITS 64
| #define HAVE_BOOST /**/
| #define HAVE_BOOST_PROGRAM_OPTIONS /**/
| #define STDC_HEADERS 1
| #define HAVE_SYS_TYPES_H 1
| #define HAVE_SYS_STAT_H 1
| #define HAVE_STDLIB_H 1
| #define HAVE_STRING_H 1
| #define HAVE_MEMORY_H 1
| #define HAVE_STRINGS_H 1
| #define HAVE_INTTYPES_H 1
| #define HAVE_STDINT_H 1
| #define HAVE_UNISTD_H 1
| #define HAVE_IOSTREAM 1
| #define HAVE_ARPA_INET_H 1
| #define HAVE_FLOAT_H 1
| #define HAVE_LIMITS_H 1
| #define HAVE_MALLOC_H 1
| #define HAVE_NETDB_H 1
| #define HAVE_NETINET_IN_H 1
| #define HAVE_STDDEF_H 1
| #define HAVE_STDLIB_H 1
| #define HAVE_STRING_H 1
| #define HAVE_SYS_SOCKET_H 1
| #define HAVE_SYS_TIME_H 1
| #define HAVE_SEARCH_H 1
| #define HAVE_UNISTD_H 1
| #define HAVE_STDBOOL_H 1
| #define TIME_WITH_SYS_TIME 1
| #define HAVE_MEMMOVE 1
| #define HAVE_MEMSET 1
| #define HAVE_SQRT 1
| #define HAVE_STRCHR 1
| #define HAVE_STRDUP 1
| #define HAVE_STRERROR 1
| #define HAVE_STRRCHR 1
| #define HAVE_STRSPN 1
| #define HAVE_STRSTR 1
| #define HAVE_STRTOL 1
| #define HAVE_STRTOULL 1
| #define HAVE_GETHOSTBYNAME 1
| #define HAVE_SOCKET 1
| #define HAVE_GETTIMEOFDAY 1
| #define HAVE_INET_NTOA 1
| #define HAVE_POSIX_MEMALIGN 1
| #define HAVE_GETOPT 1
| #define HAVE_REENTRANT_SEARCH 1
| #define HAVE_HSEARCH_R 1
| #define HAVE_DECL_HSEARCH_R 1
| #define HAVE_HCREATE_R 1
| #define HAVE_DECL_HCREATE_R 1
| #define HAVE_HDESTROY_R 1
| #define HAVE_DECL_HDESTROY_R 1
| #define DOUBLEPRECISION 0
| #define ENABLE_SSE 0
| /* end confdefs.h.  */
| 
| /* Override any GCC internal prototype to avoid an error.
|    Use char because int might match the return type of a GCC
|    builtin and then its argument prototype would still apply.  */
| #ifdef __cplusplus
| extern "C"
| #endif
| char cblas_sgemm ();
| int
| main ()
| {
| return cblas_sgemm ();
|   ;
|   return 0;
| }
configure:6115:  g++ -o conftest -m64 -g -O2 -fPIC   conftest.cpp -llapack -latlas -llapack -lcblas -pthread  >&5
conftest.cpp:10:0: warning: "_REENTRANT" redefined
<command-line>:0:0: note: this is the location of the previous definition
/usr/bin/ld: cannot find -llapack
/usr/bin/ld: cannot find -latlas
/usr/bin/ld: cannot find -llapack
/usr/bin/ld: cannot find -lcblas
collect2: ld returned 1 exit status
configure:6115: $? = 1
configure: failed program was:
| /* confdefs.h */
| #define PACKAGE_NAME "STK"
| #define PACKAGE_TARNAME "stk"
| #define PACKAGE_VERSION "2.0"
| #define PACKAGE_STRING "STK 2.0"
| #define PACKAGE_BUGREPORT "ondrej.glembek@fit.vutbr.cz"
| #define PACKAGE_URL ""
| #define PACKAGE "stk"
| #define VERSION "2.0"
| #define _REENTRANT /**/
| #define _XOPEN_SOURCE 600
| #define _LARGE_FILE_SOURCE /**/
| #define _FILE_OFFSET_BITS 64
| #define HAVE_BOOST /**/
| #define HAVE_BOOST_PROGRAM_OPTIONS /**/
| #define STDC_HEADERS 1
| #define HAVE_SYS_TYPES_H 1
| #define HAVE_SYS_STAT_H 1
| #define HAVE_STDLIB_H 1
| #define HAVE_STRING_H 1
| #define HAVE_MEMORY_H 1
| #define HAVE_STRINGS_H 1
| #define HAVE_INTTYPES_H 1
| #define HAVE_STDINT_H 1
| #define HAVE_UNISTD_H 1
| #define HAVE_IOSTREAM 1
| #define HAVE_ARPA_INET_H 1
| #define HAVE_FLOAT_H 1
| #define HAVE_LIMITS_H 1
| #define HAVE_MALLOC_H 1
| #define HAVE_NETDB_H 1
| #define HAVE_NETINET_IN_H 1
| #define HAVE_STDDEF_H 1
| #define HAVE_STDLIB_H 1
| #define HAVE_STRING_H 1
| #define HAVE_SYS_SOCKET_H 1
| #define HAVE_SYS_TIME_H 1
| #define HAVE_SEARCH_H 1
| #define HAVE_UNISTD_H 1
| #define HAVE_STDBOOL_H 1
| #define TIME_WITH_SYS_TIME 1
| #define HAVE_MEMMOVE 1
| #define HAVE_MEMSET 1
| #define HAVE_SQRT 1
| #define HAVE_STRCHR 1
| #define HAVE_STRDUP 1
| #define HAVE_STRERROR 1
| #define HAVE_STRRCHR 1
| #define HAVE_STRSPN 1
| #define HAVE_STRSTR 1
| #define HAVE_STRTOL 1
| #define HAVE_STRTOULL 1
| #define HAVE_GETHOSTBYNAME 1
| #define HAVE_SOCKET 1
| #define HAVE_GETTIMEOFDAY 1
| #define HAVE_INET_NTOA 1
| #define HAVE_POSIX_MEMALIGN 1
| #define HAVE_GETOPT 1
| #define HAVE_REENTRANT_SEARCH 1
| #define HAVE_HSEARCH_R 1
| #define HAVE_DECL_HSEARCH_R 1
| #define HAVE_HCREATE_R 1
| #define HAVE_DECL_HCREATE_R 1
| #define HAVE_HDESTROY_R 1
| #define HAVE_DECL_HDESTROY_R 1
| #define DOUBLEPRECISION 0
| #define ENABLE_SSE 0
| /* end confdefs.h.  */
| 
| /* Override any GCC internal prototype to avoid an error.
|    Use char because int might match the return type of a GCC
|    builtin and then its argument prototype would still apply.  */
| #ifdef __cplusplus
| extern "C"
| #endif
| char cblas_sgemm ();
| int
| main ()
| {
| return cblas_sgemm ();
|   ;
|   return 0;
| }
configure:6115:  g++ -o conftest -m64 -g -O2 -fPIC   conftest.cpp -latlas -latlas -llapack -lcblas -pthread  >&5
conftest.cpp:10:0: warning: "_REENTRANT" redefined
<command-line>:0:0: note: this is the location of the previous definition
/usr/bin/ld: cannot find -latlas
/usr/bin/ld: cannot find -latlas
/usr/bin/ld: cannot find -llapack
/usr/bin/ld: cannot find -lcblas
collect2: ld returned 1 exit status
configure:6115: $? = 1
configure: failed program was:
| /* confdefs.h */
| #define PACKAGE_NAME "STK"
| #define PACKAGE_TARNAME "stk"
| #define PACKAGE_VERSION "2.0"
| #define PACKAGE_STRING "STK 2.0"
| #define PACKAGE_BUGREPORT "ondrej.glembek@fit.vutbr.cz"
| #define PACKAGE_URL ""
| #define PACKAGE "stk"
| #define VERSION "2.0"
| #define _REENTRANT /**/
| #define _XOPEN_SOURCE 600
| #define _LARGE_FILE_SOURCE /**/
| #define _FILE_OFFSET_BITS 64
| #define HAVE_BOOST /**/
| #define HAVE_BOOST_PROGRAM_OPTIONS /**/
| #define STDC_HEADERS 1
| #define HAVE_SYS_TYPES_H 1
| #define HAVE_SYS_STAT_H 1
| #define HAVE_STDLIB_H 1
| #define HAVE_STRING_H 1
| #define HAVE_MEMORY_H 1
| #define HAVE_STRINGS_H 1
| #define HAVE_INTTYPES_H 1
| #define HAVE_STDINT_H 1
| #define HAVE_UNISTD_H 1
| #define HAVE_IOSTREAM 1
| #define HAVE_ARPA_INET_H 1
| #define HAVE_FLOAT_H 1
| #define HAVE_LIMITS_H 1
| #define HAVE_MALLOC_H 1
| #define HAVE_NETDB_H 1
| #define HAVE_NETINET_IN_H 1
| #define HAVE_STDDEF_H 1
| #define HAVE_STDLIB_H 1
| #define HAVE_STRING_H 1
| #define HAVE_SYS_SOCKET_H 1
| #define HAVE_SYS_TIME_H 1
| #define HAVE_SEARCH_H 1
| #define HAVE_UNISTD_H 1
| #define HAVE_STDBOOL_H 1
| #define TIME_WITH_SYS_TIME 1
| #define HAVE_MEMMOVE 1
| #define HAVE_MEMSET 1
| #define HAVE_SQRT 1
| #define HAVE_STRCHR 1
| #define HAVE_STRDUP 1
| #define HAVE_STRERROR 1
| #define HAVE_STRRCHR 1
| #define HAVE_STRSPN 1
| #define HAVE_STRSTR 1
| #define HAVE_STRTOL 1
| #define HAVE_STRTOULL 1
| #define HAVE_GETHOSTBYNAME 1
| #define HAVE_SOCKET 1
| #define HAVE_GETTIMEOFDAY 1
| #define HAVE_INET_NTOA 1
| #define HAVE_POSIX_MEMALIGN 1
| #define HAVE_GETOPT 1
| #define HAVE_REENTRANT_SEARCH 1
| #define HAVE_HSEARCH_R 1
| #define HAVE_DECL_HSEARCH_R 1
| #define HAVE_HCREATE_R 1
| #define HAVE_DECL_HCREATE_R 1
| #define HAVE_HDESTROY_R 1
| #define HAVE_DECL_HDESTROY_R 1
| #define DOUBLEPRECISION 0
| #define ENABLE_SSE 0
| /* end confdefs.h.  */
| 
| /* Override any GCC internal prototype to avoid an error.
|    Use char because int might match the return type of a GCC
|    builtin and then its argument prototype would still apply.  */
| #ifdef __cplusplus
| extern "C"
| #endif
| char cblas_sgemm ();
| int
| main ()
| {
| return cblas_sgemm ();
|   ;
|   return 0;
| }
configure:6132: result: no
configure:6385: creating ./config.status

## ---------------------- ##
## Running config.status. ##
## ---------------------- ##

This file was extended by STK config.status 2.0, which was
generated by GNU Autoconf 2.67.  Invocation command line was

  CONFIG_FILES    = 
  CONFIG_HEADERS  = 
  CONFIG_LINKS    = 
  CONFIG_COMMANDS = 
  $ ./config.status 

on venus

config.status:939: creating Makefile
config.status:939: creating lib/Makefile
config.status:939: creating src/Makefile
config.status:939: creating src/SNetLib/Makefile
config.status:939: creating src/STKLib/Makefile
config.status:939: creating config.h
config.status:1167: executing depfiles commands

## ---------------- ##
## Cache variables. ##
## ---------------- ##

ac_cv_c_compiler_gnu=yes
ac_cv_c_const=yes
ac_cv_c_inline=inline
ac_cv_cxx_compiler_gnu=yes
ac_cv_env_CCC_set=
ac_cv_env_CCC_value=
ac_cv_env_CC_set=set
ac_cv_env_CC_value=' g++'
ac_cv_env_CFLAGS_set=set
ac_cv_env_CFLAGS_value='-m64 -g -O2 -fPIC'
ac_cv_env_CPPFLAGS_set=
ac_cv_env_CPPFLAGS_value=
ac_cv_env_CXXCPP_set=
ac_cv_env_CXXCPP_value=
ac_cv_env_CXXFLAGS_set=set
ac_cv_env_CXXFLAGS_value='-m64 -g -O2 -fPIC'
ac_cv_env_CXX_set=set
ac_cv_env_CXX_value=' g++'
ac_cv_env_LDFLAGS_set=
ac_cv_env_LDFLAGS_value=
ac_cv_env_LIBS_set=
ac_cv_env_LIBS_value=
ac_cv_env_build_alias_set=
ac_cv_env_build_alias_value=
ac_cv_env_host_alias_set=
ac_cv_env_host_alias_value=
ac_cv_env_target_alias_set=
ac_cv_env_target_alias_value=
ac_cv_func_gethostbyname=yes
ac_cv_func_getopt=yes
ac_cv_func_gettimeofday=yes
ac_cv_func_hcreate_r=yes
ac_cv_func_hdestroy_r=yes
ac_cv_func_hsearch_r=yes
ac_cv_func_inet_ntoa=yes
ac_cv_func_memmove=yes
ac_cv_func_memset=yes
ac_cv_func_posix_memalign=yes
ac_cv_func_socket=yes
ac_cv_func_sqrt=yes
ac_cv_func_strchr=yes
ac_cv_func_strdup=yes
ac_cv_func_strerror=yes
ac_cv_func_strrchr=yes
ac_cv_func_strspn=yes
ac_cv_func_strstr=yes
ac_cv_func_strtod=yes
ac_cv_func_strtol=yes
ac_cv_func_strtoull=yes
ac_cv_have_decl_hcreate_r=yes
ac_cv_have_decl_hdestroy_r=yes
ac_cv_have_decl_hsearch_r=yes
ac_cv_header_arpa_inet_h=yes
ac_cv_header_float_h=yes
ac_cv_header_inttypes_h=yes
ac_cv_header_iostream=yes
ac_cv_header_limits_h=yes
ac_cv_header_malloc_h=yes
ac_cv_header_memory_h=yes
ac_cv_header_netdb_h=yes
ac_cv_header_netinet_in_h=yes
ac_cv_header_search_h=yes
ac_cv_header_stdbool_h=yes
ac_cv_header_stdc=yes
ac_cv_header_stddef_h=yes
ac_cv_header_stdint_h=yes
ac_cv_header_stdlib_h=yes
ac_cv_header_string_h=yes
ac_cv_header_strings_h=yes
ac_cv_header_sys_socket_h=yes
ac_cv_header_sys_stat_h=yes
ac_cv_header_sys_time_h=yes
ac_cv_header_sys_types_h=yes
ac_cv_header_time=yes
ac_cv_header_unistd_h=yes
ac_cv_lib_boost_program_options___main=yes
ac_cv_objext=o
ac_cv_path_EGREP='/bin/grep -E'
ac_cv_path_GREP=/bin/grep
ac_cv_path_install='/usr/bin/install -c'
ac_cv_path_mkdir=/bin/mkdir
ac_cv_prog_AWK=mawk
ac_cv_prog_CXXCPP=' g++ -E'
ac_cv_prog_ac_ct_CC=' g++'
ac_cv_prog_ac_ct_RANLIB=' ranlib'
ac_cv_prog_cc_c89=no
ac_cv_prog_cc_g=yes
ac_cv_prog_cxx_g=yes
ac_cv_prog_make_make_set=yes
ac_cv_search_cblas_sgemm=no
ac_cv_search_xerbla_=no
ac_cv_struct_tm=time.h
ac_cv_type__Bool=no
ac_cv_type_size_t=yes
am_cv_CC_dependencies_compiler_type=gcc3
am_cv_CXX_dependencies_compiler_type=gcc3
ax_cv_boost_program_options=yes

## ----------------- ##
## Output variables. ##
## ----------------- ##

ACLOCAL='${SHELL} /home/troy/Projects/TNet_troy/src/STKLib/trunk/config/missing --run aclocal-1.11'
AMDEPBACKSLASH='\'
AMDEP_FALSE='#'
AMDEP_TRUE=''
AMTAR='${SHELL} /home/troy/Projects/TNet_troy/src/STKLib/trunk/config/missing --run tar'
ATLASINCLUDEDIR=''
ATLASLIBDIR=''
AUTOCONF='${SHELL} /home/troy/Projects/TNet_troy/src/STKLib/trunk/config/missing --run autoconf'
AUTOHEADER='${SHELL} /home/troy/Projects/TNet_troy/src/STKLib/trunk/config/missing --run autoheader'
AUTOMAKE='${SHELL} /home/troy/Projects/TNet_troy/src/STKLib/trunk/config/missing --run automake-1.11'
AWK='mawk'
BOOST_CPPFLAGS='-I/usr/include'
BOOST_LDFLAGS='-L/usr/lib'
BOOST_PROGRAM_OPTIONS_LIB='-lboost_program_options'
CC=' g++'
CCDEPMODE='depmode=gcc3'
CFLAGS='-m64 -g -O2 -fPIC'
CPPFLAGS=''
CXX=' g++'
CXXCPP=' g++ -E'
CXXDEPMODE='depmode=gcc3'
CXXFLAGS='-m64 -g -O2 -fPIC'
CYGPATH_W='echo'
DEFS='-DHAVE_CONFIG_H'
DEPDIR='.deps'
ECHO_C=''
ECHO_N='-n'
ECHO_T=''
EGREP='/bin/grep -E'
ENABLE_SSE_FALSE=''
ENABLE_SSE_TRUE='#'
EXEEXT=''
GREP='/bin/grep'
INSTALL_DATA='${INSTALL} -m 644'
INSTALL_PROGRAM='${INSTALL}'
INSTALL_SCRIPT='${INSTALL}'
INSTALL_STRIP_PROGRAM='$(install_sh) -c -s'
LDFLAGS=''
LIBATLAS=''
LIBMATLAB=''
LIBOBJS=''
LIBS='  '
LTLIBOBJS=''
MAKEINFO='${SHELL} /home/troy/Projects/TNet_troy/src/STKLib/trunk/config/missing --run makeinfo'
MATLABINCLUDEDIR=''
MATLABLIBDIR=''
MKDIR_P='/bin/mkdir -p'
OBJEXT='o'
PACKAGE='stk'
PACKAGE_BUGREPORT='ondrej.glembek@fit.vutbr.cz'
PACKAGE_NAME='STK'
PACKAGE_STRING='STK 2.0'
PACKAGE_TARNAME='stk'
PACKAGE_URL=''
PACKAGE_VERSION='2.0'
PATH_SEPARATOR=':'
POW_LIB=''
RANLIB=' ranlib'
REENTRANT_SEARCH_INCLUDE_FLAG=''
REENTRANT_SEARCH_OBJ=''
SET_MAKE=''
SHELL='/bin/bash'
STRIP=''
USE_SNET_FALSE='#'
USE_SNET_TRUE=''
VERSION='2.0'
WANT_GETOPT_H_FALSE=''
WANT_GETOPT_H_TRUE='#'
WANT_GNUSEARCH_H_FALSE=''
WANT_GNUSEARCH_H_TRUE='#'
WANT_HSEARCH_R_O_FALSE=''
WANT_HSEARCH_R_O_TRUE='#'
WANT_LIBGETOPT_FALSE=''
WANT_LIBGETOPT_TRUE='#'
ac_ct_CC=' g++'
ac_ct_CXX=''
am__EXEEXT_FALSE=''
am__EXEEXT_TRUE='#'
am__fastdepCC_FALSE='#'
am__fastdepCC_TRUE=''
am__fastdepCXX_FALSE='#'
am__fastdepCXX_TRUE=''
am__include='include'
am__isrc=''
am__leading_dot='.'
am__quote=''
am__tar='${AMTAR} chof - "$$tardir"'
am__untar='${AMTAR} xf -'
bindir='${exec_prefix}/bin'
build_alias=''
datadir='${datarootdir}'
datarootdir='${prefix}/share'
docdir='${datarootdir}/doc/${PACKAGE_TARNAME}'
dvidir='${docdir}'
exec_prefix='${prefix}'
host_alias=''
htmldir='${docdir}'
includedir='${prefix}/include'
infodir='${datarootdir}/info'
install_sh='${SHELL} /home/troy/Projects/TNet_troy/src/STKLib/trunk/config/install-sh'
libdir='${exec_prefix}/lib'
libexecdir='${exec_prefix}/libexec'
localedir='${datarootdir}/locale'
localstatedir='${prefix}/var'
mandir='${datarootdir}/man'
mkdir_p='/bin/mkdir -p'
oldincludedir='/usr/include'
pdfdir='${docdir}'
prefix='/usr/local/share/STK'
program_transform_name='s,x,x,'
psdir='${docdir}'
sbindir='${exec_prefix}/sbin'
sharedstatedir='${prefix}/com'
sysconfdir='${prefix}/etc'
target_alias=''

## ----------- ##
## confdefs.h. ##
## ----------- ##

/* confdefs.h */
#define PACKAGE_NAME "STK"
#define PACKAGE_TARNAME "stk"
#define PACKAGE_VERSION "2.0"
#define PACKAGE_STRING "STK 2.0"
#define PACKAGE_BUGREPORT "ondrej.glembek@fit.vutbr.cz"
#define PACKAGE_URL ""
#define PACKAGE "stk"
#define VERSION "2.0"
#define _REENTRANT /**/
#define _XOPEN_SOURCE 600
#define _LARGE_FILE_SOURCE /**/
#define _FILE_OFFSET_BITS 64
#define HAVE_BOOST /**/
#define HAVE_BOOST_PROGRAM_OPTIONS /**/
#define STDC_HEADERS 1
#define HAVE_SYS_TYPES_H 1
#define HAVE_SYS_STAT_H 1
#define HAVE_STDLIB_H 1
#define HAVE_STRING_H 1
#define HAVE_MEMORY_H 1
#define HAVE_STRINGS_H 1
#define HAVE_INTTYPES_H 1
#define HAVE_STDINT_H 1
#define HAVE_UNISTD_H 1
#define HAVE_IOSTREAM 1
#define HAVE_ARPA_INET_H 1
#define HAVE_FLOAT_H 1
#define HAVE_LIMITS_H 1
#define HAVE_MALLOC_H 1
#define HAVE_NETDB_H 1
#define HAVE_NETINET_IN_H 1
#define HAVE_STDDEF_H 1
#define HAVE_STDLIB_H 1
#define HAVE_STRING_H 1
#define HAVE_SYS_SOCKET_H 1
#define HAVE_SYS_TIME_H 1
#define HAVE_SEARCH_H 1
#define HAVE_UNISTD_H 1
#define HAVE_STDBOOL_H 1
#define TIME_WITH_SYS_TIME 1
#define HAVE_MEMMOVE 1
#define HAVE_MEMSET 1
#define HAVE_SQRT 1
#define HAVE_STRCHR 1
#define HAVE_STRDUP 1
#define HAVE_STRERROR 1
#define HAVE_STRRCHR 1
#define HAVE_STRSPN 1
#define HAVE_STRSTR 1
#define HAVE_STRTOL 1
#define HAVE_STRTOULL 1
#define HAVE_GETHOSTBYNAME 1
#define HAVE_SOCKET 1
#define HAVE_GETTIMEOFDAY 1
#define HAVE_INET_NTOA 1
#define HAVE_POSIX_MEMALIGN 1
#define HAVE_GETOPT 1
#define HAVE_REENTRANT_SEARCH 1
#define HAVE_HSEARCH_R 1
#define HAVE_DECL_HSEARCH_R 1
#define HAVE_HCREATE_R 1
#define HAVE_DECL_HCREATE_R 1
#define HAVE_HDESTROY_R 1
#define HAVE_DECL_HDESTROY_R 1
#define DOUBLEPRECISION 0
#define ENABLE_SSE 0

configure: exit 0
